<?xml version="1.0" encoding="UTF-8"?>
<testng-results skipped="0" failed="0" ignored="0" total="1" passed="1">
  <reporter-output>
    <line>
      <![CDATA[welcome to TestNG ]]>
    </line>
  </reporter-output>
  <suite name="Default suite" duration-ms="88" started-at="2022-09-07T11:45:20 IST" finished-at="2022-09-07T11:45:20 IST">
    <groups>
    </groups>
    <test name="Default test" duration-ms="88" started-at="2022-09-07T11:45:20 IST" finished-at="2022-09-07T11:45:20 IST">
      <class name="qsp.TestNGdemo">
        <test-method status="PASS" signature="demoTest()[pri:0, instance:qsp.TestNGdemo@34c4973]" name="demoTest" duration-ms="16" started-at="2022-09-07T11:45:20 IST" finished-at="2022-09-07T11:45:20 IST">
          <reporter-output>
            <line>
              <![CDATA[welcome to TestNG ]]>
            </line>
          </reporter-output>
        </test-method> <!-- demoTest -->
      </class> <!-- qsp.TestNGdemo -->
    </test> <!-- Default test -->
  </suite> <!-- Default suite -->
</testng-results>
